Arguments: 
  /usr/local/Cellar/node/10.3.0/bin/node /usr/local/bin/yarn add node 11.10.1

PATH: 
  /Users/amandafreeman/.rvm/gems/ruby-2.4.1/bin:/Users/amandafreeman/.rvm/gems/ruby-2.4.1@global/bin:/Users/amandafreeman/.rvm/rubies/ruby-2.4.1/bin:/usr/local/bin:/usr/bin:/bin:/usr/sbin:/sbin:/Applications/Postgres.app/Contents/Versions/latest/bin:/Applications/Postgres.app/Contents/Versions/9.4/bin:/Users/amandafreeman/.rvm/bin

Yarn version: 
  1.2.1

Node version: 
  10.3.0

Platform: 
  darwin x64

npm manifest: 
  {
    "dependencies": {
      "node": "^12.10.0",
      "npm": "^6.11.3"
    }
  }

yarn manifest: 
  No manifest

Lockfile: 
  # THIS IS AN AUTOGENERATED FILE. DO NOT EDIT THIS FILE DIRECTLY.
  # yarn lockfile v1
  
  
  node-bin-setup@^1.0.0:
    version "1.0.6"
    resolved "https://registry.yarnpkg.com/node-bin-setup/-/node-bin-setup-1.0.6.tgz#4b5c9bb937ece702d7069b36ca78af4684677528"
  
  node@^12.10.0:
    version "12.10.0"
    resolved "https://registry.yarnpkg.com/node/-/node-12.10.0.tgz#5b9c5c6e3420965052bccd80e404c7620049a050"
    dependencies:
      node-bin-setup "^1.0.0"

Trace: 
  Error: https://registry.yarnpkg.com/11.10.1: Not found
      at Request.params.callback [as _callback] (/usr/local/lib/node_modules/yarn/lib/cli.js:62027:18)
      at Request.self.callback (/usr/local/lib/node_modules/yarn/lib/cli.js:123011:22)
      at Request.emit (events.js:182:13)
      at Request.<anonymous> (/usr/local/lib/node_modules/yarn/lib/cli.js:123994:10)
      at Request.emit (events.js:182:13)
      at IncomingMessage.<anonymous> (/usr/local/lib/node_modules/yarn/lib/cli.js:123914:12)
      at Object.onceWrapper (events.js:273:13)
      at IncomingMessage.emit (events.js:187:15)
      at endReadableNT (_stream_readable.js:1090:12)
      at process._tickCallback (internal/process/next_tick.js:63:19)
